Determining if the pthread_create exist failed with the following output:
Change Dir: /home/orsteam/SummerProject/build/CMakeFiles/CMakeTmp

Run Build Command:"/usr/bin/make" "cmTC_e770c/fast"
/usr/bin/make -f CMakeFiles/cmTC_e770c.dir/build.make CMakeFiles/cmTC_e770c.dir/build
make[1]: Entering directory '/home/orsteam/SummerProject/build/CMakeFiles/CMakeTmp'
Building C object CMakeFiles/cmTC_e770c.dir/CheckSymbolExists.c.o
/usr/bin/cc     -o CMakeFiles/cmTC_e770c.dir/CheckSymbolExists.c.o   -c /home/orsteam/SummerProject/build/CMakeFiles/CMakeTmp/CheckSymbolExists.c
Linking C executable cmTC_e770c
/usr/bin/cmake -E cmake_link_script CMakeFiles/cmTC_e770c.dir/link.txt --verbose=1
/usr/bin/cc       CMakeFiles/cmTC_e770c.dir/CheckSymbolExists.c.o  -o cmTC_e770c -rdynamic 
CMakeFiles/cmTC_e770c.dir/CheckSymbolExists.c.o: In function `main':
CheckSymbolExists.c:(.text+0x16): undefined reference to `pthread_create'
collect2: error: ld returned 1 exit status
CMakeFiles/cmTC_e770c.dir/build.make:97: recipe for target 'cmTC_e770c' failed
make[1]: *** [cmTC_e770c] Error 1
make[1]: Leaving directory '/home/orsteam/SummerProject/build/CMakeFiles/CMakeTmp'
Makefile:126: recipe for target 'cmTC_e770c/fast' failed
make: *** [cmTC_e770c/fast] Error 2

File /home/orsteam/SummerProject/build/CMakeFiles/CMakeTmp/CheckSymbolExists.c:
/* */
#include <pthread.h>

int main(int argc, char** argv)
{
  (void)argv;
#ifndef pthread_create
  return ((int*)(&pthread_create))[argc];
#else
  (void)argc;
  return 0;
#endif
}

Determining if the function pthread_create exists in the pthreads failed with the following output:
Change Dir: /home/orsteam/SummerProject/build/CMakeFiles/CMakeTmp

Run Build Command:"/usr/bin/make" "cmTC_b236d/fast"
/usr/bin/make -f CMakeFiles/cmTC_b236d.dir/build.make CMakeFiles/cmTC_b236d.dir/build
make[1]: Entering directory '/home/orsteam/SummerProject/build/CMakeFiles/CMakeTmp'
Building C object CMakeFiles/cmTC_b236d.dir/CheckFunctionExists.c.o
/usr/bin/cc    -DCHECK_FUNCTION_EXISTS=pthread_create   -o CMakeFiles/cmTC_b236d.dir/CheckFunctionExists.c.o   -c /usr/share/cmake-3.5/Modules/CheckFunctionExists.c
Linking C executable cmTC_b236d
/usr/bin/cmake -E cmake_link_script CMakeFiles/cmTC_b236d.dir/link.txt --verbose=1
/usr/bin/cc   -DCHECK_FUNCTION_EXISTS=pthread_create    CMakeFiles/cmTC_b236d.dir/CheckFunctionExists.c.o  -o cmTC_b236d -rdynamic -lpthreads 
/usr/bin/ld: cannot find -lpthreads
collect2: error: ld returned 1 exit status
CMakeFiles/cmTC_b236d.dir/build.make:97: recipe for target 'cmTC_b236d' failed
make[1]: *** [cmTC_b236d] Error 1
make[1]: Leaving directory '/home/orsteam/SummerProject/build/CMakeFiles/CMakeTmp'
Makefile:126: recipe for target 'cmTC_b236d/fast' failed
make: *** [cmTC_b236d/fast] Error 2


